-------------------------------------------------------------------------------
Test set: com.andorid.l2pp.SpringBootApplication.ApplicationTests
-------------------------------------------------------------------------------
Tests run: 1, Failures: 0, Errors: 1, Skipped: 0, Time elapsed: 3.057 s <<< FAILURE! - in com.andorid.l2pp.SpringBootApplication.ApplicationTests
contextLoads  Time elapsed: 0.002 s  <<< ERROR!
java.lang.IllegalStateException: Failed to load ApplicationContext
Caused by: org.springframework.beans.factory.BeanDefinitionStoreException: Failed to parse configuration class [com.andorid.l2pp.SpringBootApplication.Application]; nested exception is java.lang.IllegalArgumentException: Could not resolve placeholder 'spring.profiles.active' in value "application-${spring.profiles.active}.yml"
Caused by: java.lang.IllegalArgumentException: Could not resolve placeholder 'spring.profiles.active' in value "application-${spring.profiles.active}.yml"

